-------------------------------------------------------------------------------
Test set: org.bedu.javase2.ejemplo.ejemplo1.e2.persistence.EquipoRepositoryTest
-------------------------------------------------------------------------------
Tests run: 1, Failures: 0, Errors: 1, Skipped: 0, Time elapsed: 5.144 s <<< FAILURE! - in org.bedu.javase2.ejemplo.ejemplo1.e2.persistence.EquipoRepositoryTest
org.bedu.javase2.ejemplo.ejemplo1.e2.persistence.EquipoRepositoryTest  Time elapsed: 5.136 s  <<< ERROR!
org.springframework.dao.DataIntegrityViolationException: could not execute statement; SQL [n/a]; constraint [null]; nested exception is org.hibernate.exception.ConstraintViolationException: could not execute statement
	at org.bedu.javase2.ejemplo.ejemplo1.e2.persistence.EquipoRepositoryTest.cleanDatabase(EquipoRepositoryTest.java:27)
Caused by: org.hibernate.exception.ConstraintViolationException: could not execute statement
	at org.bedu.javase2.ejemplo.ejemplo1.e2.persistence.EquipoRepositoryTest.cleanDatabase(EquipoRepositoryTest.java:27)
Caused by: java.sql.SQLIntegrityConstraintViolationException: Cannot delete or update a parent row: a foreign key constraint fails (`bedu_jse2`.`partidos`, CONSTRAINT `fk_partidos_equipos` FOREIGN KEY (`equipos1_fk`) REFERENCES `equipos` (`id`))
	at org.bedu.javase2.ejemplo.ejemplo1.e2.persistence.EquipoRepositoryTest.cleanDatabase(EquipoRepositoryTest.java:27)

