<?xml version="1.0" encoding="UTF-8"?>
<testsuite xmlns:xsi="http://www.w3.org/2001/XMLSchema-instance" xsi:noNamespaceSchemaLocation="https://maven.apache.org/surefire/maven-surefire-plugin/xsd/surefire-test-report.xsd" name="org.bedu.javase2.ejemplo.ejemplo1.e2.persistence.EquipoRepositoryTest" time="5.144" tests="1" errors="1" skipped="0" failures="0">
  <properties>
[...]
</properties>
  <testcase name="org.bedu.javase2.ejemplo.ejemplo1.e2.persistence.EquipoRepositoryTest" classname="org.bedu.javase2.ejemplo.ejemplo1.e2.persistence.EquipoRepositoryTest" time="5.136">
    <error message="could not execute statement; SQL [n/a]; constraint [null]; nested exception is org.hibernate.exception.ConstraintViolationException: could not execute statement" type="org.springframework.dao.DataIntegrityViolationException">org.springframework.dao.DataIntegrityViolationException: could not execute statement; SQL [n/a]; constraint [null]; nested exception is org.hibernate.exception.ConstraintViolationException: could not execute statement
	at org.bedu.javase2.ejemplo.ejemplo1.e2.persistence.EquipoRepositoryTest.cleanDatabase(EquipoRepositoryTest.java:27)
Caused by: org.hibernate.exception.ConstraintViolationException: could not execute statement
	at org.bedu.javase2.ejemplo.ejemplo1.e2.persistence.EquipoRepositoryTest.cleanDatabase(EquipoRepositoryTest.java:27)
Caused by: java.sql.SQLIntegrityConstraintViolationException: Cannot delete or update a parent row: a foreign key constraint fails (`bedu_jse2`.`partidos`, CONSTRAINT `fk_partidos_equipos` FOREIGN KEY (`equipos1_fk`) REFERENCES `equipos` (`id`))
	at org.bedu.javase2.ejemplo.ejemplo1.e2.persistence.EquipoRepositoryTest.cleanDatabase(EquipoRepositoryTest.java:27)
</error>
    <system-out><![CDATA[21:54:58.629 [main] DEBUG org.springframework.test.context.BootstrapUtils - Instantiating CacheAwareContextLoaderDelegate from class [org.springframework.test.context.cache.DefaultCacheAwareContextLoaderDelegate]
21:54:58.636 [main] DEBUG org.springframework.test.context.BootstrapUtils - Instantiating BootstrapContext using constructor [public org.springframework.test.context.support.DefaultBootstrapContext(java.lang.Class,org.springframework.test.context.CacheAwareContextLoaderDelegate)]
21:54:58.670 [main] DEBUG org.springframework.test.context.BootstrapUtils - Instantiating TestContextBootstrapper for test class [org.bedu.javase2.ejemplo.ejemplo1.e2.persistence.EquipoRepositoryTest] from class [org.springframework.boot.test.context.SpringBootTestContextBootstrapper]
21:54:58.680 [main] INFO org.springframework.boot.test.context.SpringBootTestContextBootstrapper - Neither @ContextConfiguration nor @ContextHierarchy found for test class [org.bedu.javase2.ejemplo.ejemplo1.e2.persistence.EquipoRepositoryTest], using SpringBootContextLoader
21:54:58.684 [main] DEBUG org.springframework.test.context.support.AbstractContextLoader - Did not detect default resource location for test class [org.bedu.javase2.ejemplo.ejemplo1.e2.persistence.EquipoRepositoryTest]: class path resource [org/bedu/javase2/ejemplo/ejemplo1/e2/persistence/EquipoRepositoryTest-context.xml] does not exist
21:54:58.686 [main] DEBUG org.springframework.test.context.support.AbstractContextLoader - Did not detect default resource location for test class [org.bedu.javase2.ejemplo.ejemplo1.e2.persistence.EquipoRepositoryTest]: class path resource [org/bedu/javase2/ejemplo/ejemplo1/e2/persistence/EquipoRepositoryTestContext.groovy] does not exist
21:54:58.686 [main] INFO org.springframework.test.context.support.AbstractContextLoader - Could not detect default resource locations for test class [org.bedu.javase2.ejemplo.ejemplo1.e2.persistence.EquipoRepositoryTest]: no resource found for suffixes {-context.xml, Context.groovy}.
21:54:58.686 [main] INFO org.springframework.test.context.support.AnnotationConfigContextLoaderUtils - Could not detect default configuration classes for test class [org.bedu.javase2.ejemplo.ejemplo1.e2.persistence.EquipoRepositoryTest]: EquipoRepositoryTest does not declare any static, non-private, non-final, nested classes annotated with @Configuration.
21:54:58.748 [main] DEBUG org.springframework.test.context.support.ActiveProfilesUtils - Could not find an 'annotation declaring class' for annotation type [org.springframework.test.context.ActiveProfiles] and class [org.bedu.javase2.ejemplo.ejemplo1.e2.persistence.EquipoRepositoryTest]
21:54:58.809 [main] DEBUG org.springframework.context.annotation.ClassPathScanningCandidateComponentProvider - Identified candidate component class: file [/Users/yeseniacampos/Documents/Documentos/Java-Bedu/Modulo3/codigo/target/classes/org/bedu/javase2/ejemplo/ejemplo1/Ejemplo1Application.class]
21:54:58.811 [main] INFO org.springframework.boot.test.context.SpringBootTestContextBootstrapper - Found @SpringBootConfiguration org.bedu.javase2.ejemplo.ejemplo1.Ejemplo1Application for test class org.bedu.javase2.ejemplo.ejemplo1.e2.persistence.EquipoRepositoryTest
21:54:58.880 [main] DEBUG org.springframework.boot.test.context.SpringBootTestContextBootstrapper - @TestExecutionListeners is not present for class [org.bedu.javase2.ejemplo.ejemplo1.e2.persistence.EquipoRepositoryTest]: using defaults.
21:54:58.880 [main] INFO org.springframework.boot.test.context.SpringBootTestContextBootstrapper - Loaded default TestExecutionListener class names from location [META-INF/spring.factories]: [org.springframework.boot.test.mock.mockito.MockitoTestExecutionListener, org.springframework.boot.test.mock.mockito.ResetMocksTestExecutionListener, org.springframework.boot.test.autoconfigure.restdocs.RestDocsTestExecutionListener, org.springframework.boot.test.autoconfigure.web.client.MockRestServiceServerResetTestExecutionListener, org.springframework.boot.test.autoconfigure.web.servlet.MockMvcPrintOnlyOnFailureTestExecutionListener, org.springframework.boot.test.autoconfigure.web.servlet.WebDriverTestExecutionListener, org.springframework.boot.test.autoconfigure.webservices.client.MockWebServiceServerTestExecutionListener, org.springframework.test.context.web.ServletTestExecutionListener, org.springframework.test.context.support.DirtiesContextBeforeModesTestExecutionListener, org.springframework.test.context.event.ApplicationEventsTestExecutionListener, org.springframework.test.context.support.DependencyInjectionTestExecutionListener, org.springframework.test.context.support.DirtiesContextTestExecutionListener, org.springframework.test.context.transaction.TransactionalTestExecutionListener, org.springframework.test.context.jdbc.SqlScriptsTestExecutionListener, org.springframework.test.context.event.EventPublishingTestExecutionListener]
21:54:58.890 [main] INFO org.springframework.boot.test.context.SpringBootTestContextBootstrapper - Using TestExecutionListeners: [org.springframework.test.context.web.ServletTestExecutionListener@7e19ebf0, org.springframework.test.context.support.DirtiesContextBeforeModesTestExecutionListener@2474f125, org.springframework.test.context.event.ApplicationEventsTestExecutionListener@7357a011, org.springframework.boot.test.mock.mockito.MockitoTestExecutionListener@3406472c, org.springframework.boot.test.autoconfigure.SpringBootDependencyInjectionTestExecutionListener@5717c37, org.springframework.test.context.support.DirtiesContextTestExecutionListener@68f4865, org.springframework.test.context.transaction.TransactionalTestExecutionListener@4816278d, org.springframework.test.context.jdbc.SqlScriptsTestExecutionListener@4eaf3684, org.springframework.test.context.event.EventPublishingTestExecutionListener@40317ba2, org.springframework.boot.test.mock.mockito.ResetMocksTestExecutionListener@3c01cfa1, org.springframework.boot.test.autoconfigure.restdocs.RestDocsTestExecutionListener@45d2ade3, org.springframework.boot.test.autoconfigure.web.client.MockRestServiceServerResetTestExecutionListener@727eb8cb, org.springframework.boot.test.autoconfigure.web.servlet.MockMvcPrintOnlyOnFailureTestExecutionListener@39d9314d, org.springframework.boot.test.autoconfigure.web.servlet.WebDriverTestExecutionListener@b978d10, org.springframework.boot.test.autoconfigure.webservices.client.MockWebServiceServerTestExecutionListener@5b7a8434]
21:54:58.917 [main] DEBUG org.springframework.boot.ApplicationServletEnvironment - Activating profiles []
21:54:58.920 [main] DEBUG org.springframework.test.context.support.TestPropertySourceUtils - Adding inlined properties to environment: {spring.jmx.enabled=false, org.springframework.boot.test.context.SpringBootTestContextBootstrapper=true}

  .   ____          _            __ _ _
 /\\ / ___'_ __ _ _(_)_ __  __ _ \ \ \ \
( ( )\___ | '_ | '_| | '_ \/ _` | \ \ \ \
 \\/  ___)| |_)| | | | | || (_| |  ) ) ) )
  '  |____| .__|_| |_|_| |_\__, | / / / /
 =========|_|==============|___/=/_/_/_/
 :: Spring Boot ::                (v2.6.0)

2023-10-04 21:54:59.260  INFO 4199 --- [           main] o.b.j.e.e.e.p.EquipoRepositoryTest       : Starting EquipoRepositoryTest using Java 17.0.8.1 on MacBook-Pro-de-Yesenia.local with PID 4199 (started by yeseniacampos in /Users/yeseniacampos/Documents/Documentos/Java-Bedu/Modulo3/codigo)
2023-10-04 21:54:59.262  INFO 4199 --- [           main] o.b.j.e.e.e.p.EquipoRepositoryTest       : No active profile set, falling back to default profiles: default
2023-10-04 21:55:00.121  INFO 4199 --- [           main] .s.d.r.c.RepositoryConfigurationDelegate : Bootstrapping Spring Data JPA repositories in DEFAULT mode.
2023-10-04 21:55:00.173  INFO 4199 --- [           main] .s.d.r.c.RepositoryConfigurationDelegate : Finished Spring Data repository scanning in 45 ms. Found 2 JPA repository interfaces.
2023-10-04 21:55:01.008  INFO 4199 --- [           main] com.zaxxer.hikari.HikariDataSource       : HikariPool-1 - Starting...
2023-10-04 21:55:01.373  INFO 4199 --- [           main] com.zaxxer.hikari.HikariDataSource       : HikariPool-1 - Start completed.
2023-10-04 21:55:01.463  INFO 4199 --- [           main] o.hibernate.jpa.internal.util.LogHelper  : HHH000204: Processing PersistenceUnitInfo [name: default]
2023-10-04 21:55:01.502  INFO 4199 --- [           main] org.hibernate.Version                    : HHH000412: Hibernate ORM core version 5.6.1.Final
2023-10-04 21:55:01.717  INFO 4199 --- [           main] o.hibernate.annotations.common.Version   : HCANN000001: Hibernate Commons Annotations {5.1.2.Final}
2023-10-04 21:55:01.808  INFO 4199 --- [           main] org.hibernate.dialect.Dialect            : HHH000400: Using dialect: org.hibernate.dialect.MySQL8Dialect
2023-10-04 21:55:02.198  INFO 4199 --- [           main] o.h.e.t.j.p.i.JtaPlatformInitiator       : HHH000490: Using JtaPlatform implementation: [org.hibernate.engine.transaction.jta.platform.internal.NoJtaPlatform]
2023-10-04 21:55:02.209  INFO 4199 --- [           main] j.LocalContainerEntityManagerFactoryBean : Initialized JPA EntityManagerFactory for persistence unit 'default'
2023-10-04 21:55:02.564  WARN 4199 --- [           main] JpaBaseConfiguration$JpaWebConfiguration : spring.jpa.open-in-view is enabled by default. Therefore, database queries may be performed during view rendering. Explicitly configure spring.jpa.open-in-view to disable this warning
2023-10-04 21:55:03.455  INFO 4199 --- [           main] o.b.j.e.e.e.p.EquipoRepositoryTest       : Started EquipoRepositoryTest in 4.534 seconds (JVM running for 5.657)
2023-10-04 21:55:03.607  WARN 4199 --- [           main] o.h.engine.jdbc.spi.SqlExceptionHelper   : SQL Error: 1451, SQLState: 23000
2023-10-04 21:55:03.607 ERROR 4199 --- [           main] o.h.engine.jdbc.spi.SqlExceptionHelper   : Cannot delete or update a parent row: a foreign key constraint fails (`bedu_jse2`.`partidos`, CONSTRAINT `fk_partidos_equipos` FOREIGN KEY (`equipos1_fk`) REFERENCES `equipos` (`id`))
2023-10-04 21:55:03.607  INFO 4199 --- [           main] o.h.e.j.b.internal.AbstractBatchImpl     : HHH000010: On release of batch it still contained JDBC statements
]]></system-out>
  </testcase>
</testsuite>